<?xml version="1.0" encoding="utf-8"?><testsuites name="pytest tests"><testsuite name="pytest" errors="0" failures="0" skipped="0" tests="4103" time="120.553" timestamp="2026-09-16T11:57:13.046387+09:00" hostname="MacBook-Air-6.local"><testcase classname="tests.integration.test_admin_accounts" name="test_create_account_persists_and_hides_password" time="0.316" /><testcase classname="tests.integration.test_admin_accounts" name="test_create_account_rejects_duplicate_email" time="0.010" /><testcase classname="tests.integration.test_admin_accounts" name="test_operator_cannot_manage_accounts" time="0.010" /><testcase classname="tests.integration.test_admin_accounts" name="test_unresolvable_actor_is_rejected[None]" time="0.007" /><testcase classname="tests.integration.test_admin_accounts" name="test_unresolvable_actor_is_rejected[]" time="0.006" /><testcase classname="tests.integration.test_admin_accounts" name="test_unresolvable_actor_is_rejected[not-an-email]" time="0.007" /><testcase classname="tests.integration.test_admin_accounts" name="test_unresolvable_actor_is_rejected[ghost@example.com]" time="0.008" /><testcase classname="tests.integration.test_admin_accounts" name="test_deactivated_account_cannot_act" time="0.011" /><testcase classname="tests.integration.test_admin_accounts" name="test_suspended_operator_cannot_be_promoted_until_reactivated" time="0.010" /><testcase classname="tests.integration.test_admin_accounts" name="test_cannot_demote_or_deactivate_self" time="0.011" /><testcase classname="tests.integration.test_admin_accounts" name="test_cannot_remove_last_active_owner" time="0.015" /><testcase classname="tests.integration.test_admin_accounts" name="test_can_deactivate_owner_when_another_active_owner_remains" time="0.016" /><testcase classname="tests.integration.test_admin_accounts" name="test_update_unknown_account_returns_404" time="0.012" /><testcase classname="tests.integration.test_admin_accounts" name="test_password_reset_changes_stored_hash" time="0.222" /><testcase classname="tests.integration.test_admin_accounts" name="test_list_includes_inactive_accounts" time="0.011" /><testcase classname="tests.integration.test_admin_accounts" name="test_revocation_reports_revoked_for_inactive_account" time="0.009" /><testcase classname="tests.integration.test_admin_accounts" name="test_revocation_reports_active_for_live_account" time="0.010" /><testcase classname="tests.integration.test_admin_accounts" name="test_revocation_reports_revoked_for_missing_account" time="0.007" /><testcase classname="tests.integration.test_admin_accounts" name="test_revocation_without_account_id_keeps_previous_behaviour" time="0.006" /><testcase classname="tests.integration.test_admin_accounts" name="test_concurrent_demotions_cannot_remove_every_active_owner" time="1.155" /><testcase classname="tests.integration.test_admin_accounts" name="test_password_reset_revokes_sessions_issued_before_it" time="0.126" /><testcase classname="tests.integration.test_admin_accounts" name="test_reactivating_an_account_does_not_revive_old_sessions" time="0.018" /><testcase classname="tests.integration.test_admin_accounts" name="test_session_without_issue_time_is_revoked_once_a_baseline_exists" time="0.119" /><testcase classname="tests.integration.test_admin_accounts" name="test_system_call_cannot_act_as_an_admin_account" time="0.010" /><testcase classname="tests.integration.test_admin_accounts" name="test_operator_assertion_with_owner_header_is_rejected" time="0.010" /><testcase classname="tests.integration.test_admin_accounts" name="test_operator_assertion_alone_acts_as_the_operator" time="0.011" /><testcase classname="tests.integration.test_admin_accounts" name="test_owner_assertion_is_authorized_and_audited" time="0.117" /><testcase classname="tests.integration.test_admin_accounts" name="test_without_a_secret_the_actor_header_still_resolves" time="0.011" /><testcase classname="tests.integration.test_admin_lead_diagnosis_view.TestDiagnosisSummary" name="test_the_three_axes_are_all_exposed" time="0.021" /><testcase classname="tests.integration.test_admin_lead_diagnosis_view.TestDiagnosisSummary" name="test_summary_carries_no_extra_identifying_fields" time="0.016" /><testcase classname="tests.integration.test_admin_lead_diagnosis_view.TestDiagnosisSummary" name="test_leads_without_a_diagnosis_get_an_empty_list" time="0.021" /><testcase classname="tests.integration.test_admin_lead_diagnosis_view.TestDiagnosisSummary" name="test_needs_attention_is_computed_per_axis" time="0.022" /><testcase classname="tests.integration.test_admin_lead_diagnosis_view.TestNeedsAttentionFilter" name="test_filter_uses_lead_triage_not_diagnosis_failure" time="0.049" /><testcase classname="tests.integration.test_admin_lead_diagnosis_view.TestNeedsAttentionFilter" name="test_filter_includes_new_leads_with_no_diagnosis" time="0.025" /><testcase classname="tests.integration.test_admin_lead_diagnosis_view.TestNeedsAttentionFilter" name="test_default_listing_still_returns_everything" time="0.023" /><testcase classname="tests.integration.test_admin_lead_diagnosis_view.TestNeedsAttentionFilter" name="test_operations_test_lead_is_kept_but_excluded_from_real_work" time="0.026" /><testcase classname="tests.integration.test_admin_lead_report_view" name="test_active_operator_can_open_ready_report" time="0.284" /><testcase classname="tests.integration.test_admin_lead_report_view" name="test_report_view_is_scoped_to_its_lead" time="0.022" /><testcase classname="tests.integration.test_admin_lead_report_view" name="test_report_view_requires_an_active_operator" time="0.018" /><testcase classname="tests.integration.test_admin_lead_report_view" name="test_report_view_fails_closed_when_report_is_not_ready[BLOCKED-409]" time="0.022" /><testcase classname="tests.integration.test_admin_lead_report_view" name="test_report_view_fails_closed_when_report_is_not_ready[PURGED-410]" time="0.023" /><testcase classname="tests.integration.test_admin_profile_uncomplete_postgres" name="test_uncomplete_on_live_hospital_persists_nothing" time="0.023" /><testcase classname="tests.integration.test_admin_profile_uncomplete_postgres" name="test_uncomplete_on_paused_hospital_is_saved" time="0.024" /><testcase classname="tests.integration.test_attention_queue" name="test_counts_only_published_and_unreviewed_content" time="0.047" /><testcase classname="tests.integration.test_attention_queue" name="test_separates_overdue_from_freshly_published" time="0.038" /><testcase classname="tests.integration.test_attention_queue" name="test_boundary_content_is_not_counted_as_overdue" time="0.038" /><testcase classname="tests.integration.test_attention_queue" name="test_withheld_published_content_is_counted_apart_from_review_work" time="0.038" /><testcase classname="tests.integration.test_attention_queue" name="test_hospital_with_only_withheld_content_stays_in_the_queue_last" time="0.039" /><testcase classname="tests.integration.test_attention_queue" name="test_oldest_waiting_hospital_comes_first" time="0.044" /><testcase classname="tests.integration.test_attention_queue" name="test_hospital_with_nothing_pending_is_absent" time="0.038" /><testcase classname="tests.integration.test_attention_queue" name="test_totals_add_up_across_hospitals" time="0.048" /><testcase classname="tests.integration.test_attention_queue" name="test_non_sample_publications_do_not_create_human_work" time="0.034" /><testcase classname="tests.integration.test_attention_queue" name="test_paused_or_non_live_hospitals_do_not_create_human_work" time="0.037" /><testcase classname="tests.integration.test_attention_queue" name="test_attention_queue_query_count_is_constant_across_hospitals" time="0.088" /><testcase classname="tests.integration.test_attention_queue" name="test_reports_target_the_previous_month_not_the_current_one" time="0.020" /><testcase classname="tests.integration.test_attention_queue" name="test_an_active_hospital_without_last_months_report_is_flagged" time="0.039" /><testcase classname="tests.integration.test_attention_queue" name="test_a_generated_but_unsent_report_is_flagged_separately" time="0.037" /><testcase classname="tests.integration.test_attention_queue" name="test_a_delivered_report_disappears_from_the_queue" time="0.036" /><testcase classname="tests.integration.test_attention_queue" name="test_append_only_delivery_event_overrides_missing_legacy_sent_at" time="0.037" /><testcase classname="tests.integration.test_attention_queue" name="test_rescinded_delivery_returns_report_to_undelivered_queue" time="0.037" /><testcase classname="tests.integration.test_attention_queue" name="test_corrected_delivery_remains_effective_for_attention_queue" time="0.036" /><testcase classname="tests.integration.test_attention_queue" name="test_latest_monthly_report_version_controls_legacy_attention" time="0.035" /><testcase classname="tests.integration.test_attention_queue" name="test_operations_reports_queue_uses_delivery_events_not_sent_at" time="0.040" /><testcase classname="tests.integration.test_attention_queue" name="test_operations_reports_queue_reads_only_latest_report_version" time="0.043" /><testcase classname="tests.integration.test_attention_queue" name="test_report_hospital_scope_puts_the_deep_link_target_on_the_first_page" time="0.040" /><testcase classname="tests.integration.test_attention_queue" name="test_a_hospital_that_did_not_exist_yet_is_not_blamed" time="0.032" /><testcase classname="tests.integration.test_attention_queue" name="test_hospitals_that_are_not_live_are_not_expected_to_have_reports" time="0.036" /><testcase classname="tests.integration.test_attention_queue" name="test_prior_month_service_interval_controls_legacy_report_attention" time="0.038" /><testcase classname="tests.integration.test_attention_queue" name="test_operations_overview_returns_all_four_operator_queues" time="0.079" /><testcase classname="tests.integration.test_attention_queue" name="test_live_hospital_stays_in_onboarding_until_content_schedule_is_ready" time="0.036" /><testcase classname="tests.integration.test_attention_queue" name="test_accepted_handoff_is_not_overdue_but_a_waiting_one_still_is" time="0.045" /><testcase classname="tests.integration.test_attention_queue" name="test_operations_incident_filters_paginate_and_empty" time="0.042" /><testcase classname="tests.integration.test_attention_queue" name="test_non_incident_queue_filters_apply_to_projected_severity_and_sla" time="0.074" /><testcase classname="tests.integration.test_attention_queue" name="test_report_queue_suppresses_monthly_report_while_autonomous_run_is_active" time="0.040" /><testcase classname="tests.integration.test_attention_queue" name="test_report_queue_returns_monthly_report_after_autonomous_run_fails" time="0.160" /><testcase classname="tests.integration.test_attention_queue" name="test_operations_cross_hospital_and_illegal_ack_fail_closed" time="0.038" /><testcase classname="tests.integration.test_attention_queue" name="test_operations_stale_assignment_returns_current_version" time="0.033" /><testcase classname="tests.integration.test_attention_queue" name="test_operator_cannot_reassign_incident_even_when_assigned" time="0.029" /><testcase classname="tests.integration.test_attention_queue" name="test_recovery_requires_observed_linked_success_before_ack" time="0.054" /><testcase classname="tests.integration.test_attention_queue" name="test_global_incident_is_owner_only" time="0.025" /><testcase classname="tests.integration.test_attention_queue" name="test_assigned_operator_retry_is_idempotent_and_server_allowlisted" time="0.041" /><testcase classname="tests.integration.test_attention_queue" name="test_outbox_retry_is_scoped_and_never_returns_payload" time="0.034" /><testcase classname="tests.integration.test_attention_queue" name="test_operations_overview_query_count_is_constant_for_one_or_many_rows" time="0.173" /><testcase classname="tests.integration.test_attention_queue" name="test_incident_queue_groups_same_cause_in_a_constant_number_of_queries" time="0.049" /><testcase classname="tests.integration.test_attention_queue" name="test_automatic_retries_do_not_push_operator_work_off_the_first_page" time="0.056" /><testcase classname="tests.integration.test_attention_queue" name="test_operations_http_surface_returns_typed_scoping_and_conflict_errors" time="0.093" /><testcase classname="tests.integration.test_attention_queue" name="test_assign_route_refuses_an_account_the_screen_never_offers" time="0.049" /><testcase classname="tests.integration.test_attention_queue" name="test_today_queue_deadline_is_the_slot_date_not_the_handoff_date" time="0.043" /><testcase classname="tests.integration.test_attention_queue" name="test_today_queue_folds_the_pre_eight_am_slot_instead_of_dropping_it" time="0.047" /><testcase classname="tests.integration.test_attention_queue" name="test_today_queue_uses_the_active_content_run_after_eight_and_keeps_deadline" time="0.043" /><testcase classname="tests.integration.test_attention_queue" name="test_today_queue_leaves_linked_incident_as_the_single_operator_task" time="0.043" /><testcase classname="tests.integration.test_attention_queue" name="test_today_queue_never_raises_the_post_publish_sample_as_operator_work" time="0.083" /><testcase classname="tests.integration.test_attention_queue" name="test_today_queue_filters_and_total_agree_on_publish_due_rows" time="0.080" /><testcase classname="tests.integration.test_attention_queue" name="test_reports_queue_has_no_staff_deadline" time="0.038" /><testcase classname="tests.integration.test_attention_queue" name="test_reports_queue_ignores_deadline_sla_filters" time="0.041" /><testcase classname="tests.integration.test_attention_queue" name="test_overview_summary_reports_no_sampled_overdue_count" time="0.208" /><testcase classname="tests.integration.test_attention_queue" name="test_incident_detail_offers_only_accounts_the_assign_route_will_accept" time="0.042" /><testcase classname="tests.integration.test_attention_queue" name="test_non_owner_sees_the_assign_action_disabled" time="0.043" /><testcase classname="tests.integration.test_content_image_certification_postgres" name="test_dry_run_is_zero_mutation_and_zero_provider_calls" time="0.023" /><testcase classname="tests.integration.test_content_image_certification_postgres" name="test_allowlist_dry_run_classifies_every_id_without_false_current" time="0.008" /><testcase classname="tests.integration.test_content_image_certification_postgres" name="test_safe_review_copies_exact_bytes_and_cas_binds_certificate" time="0.026" /><testcase classname="tests.integration.test_content_image_certification_postgres" name="test_upload_retry_reuses_safe_checkpoint_without_second_review" time="0.017" /><testcase classname="tests.integration.test_content_image_certification_postgres" name="test_provider_failures_are_durably_bounded_before_each_call" time="0.029" /><testcase classname="tests.integration.test_content_image_certification_postgres" name="test_crash_after_provider_start_does_not_refund_durable_attempt" time="0.026" /><testcase classname="tests.integration.test_content_image_certification_postgres" name="test_editor_revision_change_blocks_provider_checkpoint_write" time="0.021" /><testcase classname="tests.integration.test_content_image_certification_postgres" name="test_safe_finalization_merges_concurrent_hard_review_without_lost_update" time="0.016" /><testcase classname="tests.integration.test_content_image_certification_postgres" name="test_unsafe_review_replaces_once_and_binds_generated_hash" time="0.016" /><testcase classname="tests.integration.test_content_image_certification_postgres" name="test_replacement_failure_retries_without_second_policy_review" time="0.021" /><testcase classname="tests.integration.test_content_image_certification_postgres" name="test_replacement_diagnostic_is_durable_and_two_attempt_cap_never_resets" time="0.027" /><testcase classname="tests.integration.test_content_image_certification_postgres" name="test_two_items_share_real_redis_loop_and_settle_both_reservations" time="0.032" /><testcase classname="tests.integration.test_content_image_reuse_postgres" name="test_reuse_picks_the_oldest_certified_image_of_the_same_hospital" time="0.007" /><testcase classname="tests.integration.test_content_image_reuse_postgres" name="test_reuse_skips_itself_other_hospitals_drafts_and_already_reused_images" time="0.005" /><testcase classname="tests.integration.test_content_image_reuse_postgres" name="test_reuse_ignores_published_items_whose_certification_is_stale" time="0.004" /><testcase classname="tests.integration.test_content_image_reuse_postgres" name="test_reuse_returns_none_when_the_hospital_has_no_certified_image" time="0.005" /><testcase classname="tests.integration.test_content_image_reuse_postgres" name="test_applying_a_reused_image_copies_the_certificate_without_synthesizing_one" time="0.006" /><testcase classname="tests.integration.test_content_image_reuse_postgres" name="test_applying_a_reused_image_respects_status_revision_and_claim_guards" time="0.007" /><testcase classname="tests.integration.test_content_image_reuse_postgres" name="test_reuse_prefers_the_same_content_type_over_an_older_other_type" time="0.004" /><testcase classname="tests.integration.test_content_image_reuse_postgres" name="test_reuse_prefers_the_oldest_within_the_same_content_type" time="0.004" /><testcase classname="tests.integration.test_content_image_reuse_postgres" name="test_reuse_falls_back_to_any_type_when_the_same_type_has_none" time="0.003" /><testcase classname="tests.integration.test_content_image_reuse_postgres" name="test_reuse_infers_the_preferred_type_from_the_target_item" time="0.004" /><testcase classname="tests.integration.test_content_image_reuse_postgres" name="test_hero_certification_allows_the_clinic_logo_but_not_text_or_people" time="0.021" /><testcase classname="tests.integration.test_content_image_reuse_postgres" name="test_hero_certification_refuses_text_and_recognizable_people[rejecting0]" time="0.006" /><testcase classname="tests.integration.test_content_image_reuse_postgres" name="test_hero_certification_refuses_text_and_recognizable_people[rejecting1]" time="0.005" /><testcase classname="tests.integration.test_content_image_reuse_postgres" name="test_hero_certification_is_cached_and_redone_when_the_hero_changes" time="0.007" /><testcase classname="tests.integration.test_content_image_reuse_postgres" name="test_hospital_fallback_is_applied_as_the_certification_shape_the_gate_accepts" time="0.007" /><testcase classname="tests.integration.test_content_image_reuse_postgres" name="test_hospital_fallback_respects_the_status_and_revision_guards" time="0.008" /><testcase classname="tests.integration.test_content_image_reuse_postgres" name="test_hospital_without_a_hero_has_no_fallback" time="0.003" /><testcase classname="tests.integration.test_content_public_review_backfill_postgres" name="test_dry_run_counts_are_mutually_exclusive_and_never_touch_cost_or_reviewer" time="0.038" /><testcase classname="tests.integration.test_content_public_review_backfill_postgres" name="test_allowed_review_precommits_attempt_then_preserves_candidate_and_provenance[pass]" time="0.031" /><testcase classname="tests.integration.test_content_public_review_backfill_postgres" name="test_allowed_review_precommits_attempt_then_preserves_candidate_and_provenance[soft-only]" time="0.024" /><testcase classname="tests.integration.test_content_public_review_backfill_postgres" name="test_denied_cost_records_costblocked_without_attempt_and_preserves_old_review" time="0.017" /><testcase classname="tests.integration.test_content_public_review_backfill_postgres" name="test_typed_provider_unavailable_preserves_old_review_and_stops_at_three" time="0.043" /><testcase classname="tests.integration.test_content_public_review_backfill_postgres" name="test_concurrent_changes_preserve_editor_state_and_only_hash_drift_clears_review[content]" time="0.020" /><testcase classname="tests.integration.test_content_public_review_backfill_postgres" name="test_concurrent_changes_preserve_editor_state_and_only_hash_drift_clears_review[source]" time="0.022" /><testcase classname="tests.integration.test_content_public_review_backfill_postgres" name="test_concurrent_changes_preserve_editor_state_and_only_hash_drift_clears_review[essence]" time="0.024" /><testcase classname="tests.integration.test_content_public_review_backfill_postgres" name="test_noise_marked_during_review_keeps_base_current_and_saves_the_result" time="0.026" /><testcase classname="tests.integration.test_content_public_review_backfill_postgres" name="test_expired_running_at_attempt_three_never_calls_a_fourth_provider" time="0.019" /><testcase classname="tests.integration.test_content_public_review_backfill_postgres" name="test_unrelated_revision_stale_reuses_cancelled_run_and_remaining_attempt_budget" time="0.033" /><testcase classname="tests.integration.test_content_public_review_backfill_postgres" name="test_cancelled_retry_counters_remain_exclusive_when_attempt_three_fails" time="0.036" /><testcase classname="tests.integration.test_content_public_review_backfill_postgres" name="test_two_items_share_real_redis_loop_and_fully_refund_unused_reservations" time="0.039" /><testcase classname="tests.integration.test_content_publication_block_control_postgres" name="test_publication_block_creates_one_retryable_run_per_content_revision" time="0.007" /><testcase classname="tests.integration.test_content_rows_postgres" name="test_every_row_carries_the_site_judgment_and_its_block_link" time="0.062" /><testcase classname="tests.integration.test_content_rows_postgres" name="test_a_paused_hospitals_published_rows_are_withheld_with_the_hospital_reason" time="0.037" /><testcase classname="tests.integration.test_content_rows_postgres" name="test_retrying_incident_inside_its_window_is_not_operator_work" time="0.040" /><testcase classname="tests.integration.test_content_rows_postgres" name="test_retrying_incident_past_its_deadline_becomes_operator_work" time="0.038" /><testcase classname="tests.integration.test_content_rows_postgres" name="test_a_failed_run_stays_quiet_while_a_retrying_incident_owns_it" time="0.043" /><testcase classname="tests.integration.test_content_rows_postgres" name="test_a_failed_run_with_an_open_incident_links_to_the_incident" time="0.043" /><testcase classname="tests.integration.test_content_rows_postgres" name="test_a_failed_run_without_any_incident_still_links_to_the_run" time="0.043" /><testcase classname="tests.integration.test_content_rows_postgres" name="test_a_superseded_failed_run_does_not_block_a_healthy_draft" time="0.042" /><testcase classname="tests.integration.test_content_rows_postgres" name="test_block_links_do_not_leak_to_other_rows_or_hospitals" time="0.044" /><testcase classname="tests.integration.test_content_rows_postgres" name="test_list_statement_count_is_constant_in_the_number_of_rows" time="0.077" /><testcase classname="tests.integration.test_content_yield_postgres" name="test_due_published_and_block_states_are_counted_per_hospital" time="0.008" /><testcase classname="tests.integration.test_content_yield_postgres" name="test_late_publication_counts_in_the_week_it_was_first_published" time="0.004" /><testcase classname="tests.integration.test_content_yield_postgres" name="test_kst_day_boundaries_decide_the_period" time="0.004" /><testcase classname="tests.integration.test_content_yield_postgres" name="test_paused_hospital_with_an_overlapping_interval_stays_in_the_report" time="0.006" /><testcase classname="tests.integration.test_content_yield_postgres" name="test_a_previous_weeks_slot_swapped_this_week_is_counted_this_week" time="0.004" /><testcase classname="tests.integration.test_db_constraints" name="test_duplicate_slug_raises_integrity_error" time="0.004" /><testcase classname="tests.integration.test_db_constraints" name="test_hospital_json_columns_reject_null" time="0.002" /><testcase classname="tests.integration.test_db_constraints" name="test_audit_log_update_and_delete_are_blocked" time="0.003" /><testcase classname="tests.integration.test_db_constraints" name="test_hospital_delete_keeps_audit_row_immutable" time="0.002" /><testcase classname="tests.integration.test_db_constraints" name="test_fk_covering_indexes_exist" time="0.003" /><testcase classname="tests.integration.test_db_constraints" name="test_sales_lead_conversion_fk_exists" time="0.002" /><testcase classname="tests.integration.test_director_delta_postgres" name="test_concurrent_writers_cannot_exceed_active_cap" time="0.122" /><testcase classname="tests.integration.test_domain_certificate_failure_alert" name="test_a_refused_certificate_alerts_once_even_across_redelivery" time="0.052" /><testcase classname="tests.integration.test_domain_certificate_failure_alert" name="test_an_exhausted_polling_budget_alerts_the_operator" time="0.048" /><testcase classname="tests.integration.test_domain_certificate_failure_alert" name="test_a_successful_certificate_sends_no_notification" time="0.043" /><testcase classname="tests.integration.test_domain_certificate_failure_alert" name="test_a_later_success_closes_the_open_incident_without_a_new_alert" time="0.077" /><testcase classname="tests.integration.test_domain_certificate_jobs" name="test_two_sessions_claim_one_certificate_job" time="0.049" /><testcase classname="tests.integration.test_domain_certificate_jobs" name="test_failed_job_can_be_claimed_again" time="0.049" /><testcase classname="tests.integration.test_domain_certificate_jobs" name="test_done_job_is_not_reclaimed" time="0.038" /><testcase classname="tests.integration.test_domain_certificate_jobs" name="test_lock_rejects_a_strategy_changed_since_the_dns_check" time="0.038" /><testcase classname="tests.integration.test_domain_certificate_jobs" name="test_old_domain_worker_cannot_finish_new_domain_job" time="0.035" /><testcase classname="tests.integration.test_domain_certificate_jobs" name="test_worker_skips_provider_for_stale_claim" time="0.029" /><testcase classname="tests.integration.test_domain_certificate_jobs" name="test_worker_maps_provider_phase_to_token_bound_state[ACTIVE-True-DONE-DONE]" time="0.035" /><testcase classname="tests.integration.test_domain_certificate_jobs" name="test_worker_maps_provider_phase_to_token_bound_state[FAILED-False-FAILED-FAILED]" time="0.044" /><testcase classname="tests.integration.test_domain_certificate_jobs" name="test_worker_maps_provider_phase_to_token_bound_state[PROVISIONING-False-PROVISIONING-ISSUING]" time="0.031" /><testcase classname="tests.integration.test_domain_certificate_jobs" name="test_concurrent_verify_requests_dispatch_one_certificate_job" time="0.044" /><testcase classname="tests.integration.test_domain_certificate_jobs" name="test_broker_failure_marks_exact_claim_failed" time="0.033" /><testcase classname="tests.integration.test_essence_approve_grounding" name="test_approve_rejects_a_draft_whose_evidence_notes_no_longer_exist" time="0.032" /><testcase classname="tests.integration.test_essence_approve_grounding" name="test_approve_rejects_orphan_references_even_on_an_empty_field" time="0.030" /><testcase classname="tests.integration.test_essence_approve_grounding" name="test_approve_succeeds_when_every_reference_resolves" time="0.080" /><testcase classname="tests.integration.test_essence_approve_grounding" name="test_the_recorded_reviewer_is_the_verified_account_not_the_request_body" time="0.059" /><testcase classname="tests.integration.test_essence_approve_grounding" name="test_an_unverified_actor_never_becomes_the_recorded_reviewer" time="0.028" /><testcase classname="tests.integration.test_essence_approve_grounding" name="test_approve_requires_a_request_actor_instead_of_trusting_the_body" time="0.028" /><testcase classname="tests.integration.test_essence_approve_grounding" name="test_manual_approve_refuses_unresolved_auto_review_findings" time="0.033" /><testcase classname="tests.integration.test_essence_approve_grounding" name="test_manual_approve_with_override_reason_records_the_overridden_findings" time="0.054" /><testcase classname="tests.integration.test_essence_approve_grounding" name="test_manual_approve_rejects_a_short_override_reason" time="0.001" /><testcase classname="tests.integration.test_essence_approve_grounding" name="test_re_review_archives_the_draft_and_dispatches_auto_review" time="0.036" /><testcase classname="tests.integration.test_essence_approve_grounding" name="test_re_review_keeps_the_archive_when_the_broker_is_down" time="0.034" /><testcase classname="tests.integration.test_essence_approve_grounding" name="test_re_review_is_throttled_per_hospital" time="0.034" /><testcase classname="tests.integration.test_essence_approve_grounding" name="test_archiving_the_only_draft_lets_reconciliation_pick_the_snapshot_back_up" time="0.042" /><testcase classname="tests.integration.test_essence_approve_grounding" name="test_archive_marks_the_draft_archived" time="0.032" /><testcase classname="tests.integration.test_essence_approve_grounding" name="test_archive_only_accepts_drafts" time="0.029" /><testcase classname="tests.integration.test_essence_approve_grounding" name="test_whitespace_only_override_reason_is_no_reason" time="0.001" /><testcase classname="tests.integration.test_essence_approve_grounding" name="test_whitespace_override_reason_does_not_satisfy_the_gate" time="0.032" /><testcase classname="tests.integration.test_essence_approve_grounding" name="test_changed_snapshot_still_blocks_an_overridden_approval" time="0.035" /><testcase classname="tests.integration.test_essence_approve_grounding" name="test_approve_rejects_a_draft_declaring_sources_outside_the_required_set" time="0.207" /><testcase classname="tests.integration.test_essence_approve_grounding" name="test_patch_cannot_erase_automatic_review_findings" time="0.034" /><testcase classname="tests.integration.test_essence_approve_grounding" name="test_patch_keeps_operator_gaps_alongside_server_findings" time="0.032" /><testcase classname="tests.integration.test_essence_auto_review_postgres" name="test_initial_snapshot_is_auto_approved_and_idempotent" time="0.032" /><testcase classname="tests.integration.test_essence_auto_review_postgres" name="test_drifted_snapshot_preserves_base_without_synthesis" time="0.009" /><testcase classname="tests.integration.test_essence_auto_review_postgres" name="test_existing_base_skips_low_confidence_review_and_creates_no_draft" time="0.008" /><testcase classname="tests.integration.test_essence_auto_review_postgres" name="test_forbidden_candidate_is_resynthesized_once_then_auto_approved" time="0.017" /><testcase classname="tests.integration.test_essence_auto_review_postgres" name="test_independent_review_finding_drives_one_fresh_synthesis" time="0.016" /><testcase classname="tests.integration.test_essence_auto_review_postgres" name="test_refresh_never_rewrites_current_grounded_approved_core" time="0.006" /><testcase classname="tests.integration.test_essence_auto_review_postgres" name="test_existing_base_leaves_legacy_automatic_draft_unchanged" time="0.008" /><testcase classname="tests.integration.test_essence_auto_review_postgres" name="test_operator_touched_automatic_draft_is_never_superseded" time="0.007" /><testcase classname="tests.integration.test_essence_auto_review_postgres" name="test_persistent_candidate_failure_stops_periodic_retry_loop" time="0.018" /><testcase classname="tests.integration.test_essence_auto_review_postgres" name="test_manual_same_snapshot_draft_is_never_superseded" time="0.007" /><testcase classname="tests.integration.test_essence_auto_review_postgres" name="test_existing_base_never_calls_reviewer_and_preserves_approval" time="0.006" /><testcase classname="tests.integration.test_essence_auto_review_postgres" name="test_draft_created_during_review_is_never_approved_with_another_payload" time="0.013" /><testcase classname="tests.integration.test_essence_auto_review_postgres" name="test_source_change_during_review_aborts_promotion" time="0.012" /><testcase classname="tests.integration.test_essence_auto_review_postgres" name="test_marking_a_note_as_noise_keeps_base_without_refresh" time="0.008" /><testcase classname="tests.integration.test_essence_auto_review_postgres" name="test_legacy_approval_without_noise_hash_keeps_base" time="0.005" /><testcase classname="tests.integration.test_essence_auto_review_postgres" name="test_noise_only_change_does_not_churn_base" time="0.008" /><testcase classname="tests.integration.test_essence_auto_review_postgres" name="test_legacy_null_hash_stays_audit_metadata_without_refresh" time="0.007" /><testcase classname="tests.integration.test_essence_auto_review_postgres" name="test_escalated_draft_is_retried_with_backoff_until_the_budget_runs_out" time="0.060" /><testcase classname="tests.integration.test_essence_auto_review_postgres" name="test_legacy_permanent_stop_draft_gets_the_remaining_recovery_ladder" time="0.017" /><testcase classname="tests.integration.test_essence_auto_review_postgres" name="test_operator_touched_escalation_is_never_retried_even_after_the_backoff" time="0.019" /><testcase classname="tests.integration.test_essence_auto_review_postgres" name="test_same_input_is_not_re_bought_until_the_claim_backoff_elapses" time="0.028" /><testcase classname="tests.integration.test_essence_auto_review_postgres" name="test_deferred_claim_never_reaches_the_provider" time="0.018" /><testcase classname="tests.integration.test_essence_auto_review_postgres" name="test_required_source_stuck_in_error_is_excluded_and_recorded_as_a_gap" time="0.019" /><testcase classname="tests.integration.test_essence_auto_review_postgres" name="test_recently_failed_source_still_blocks_synthesis" time="0.008" /><testcase classname="tests.integration.test_essence_refresh_lock_release_postgres" name="test_slow_provider_holds_no_hospital_lock_and_stale_result_is_discarded" time="0.035" /><testcase classname="tests.integration.test_essence_required_sources_postgres" name="test_url_only_source_without_text_does_not_block_current" time="0.031" /><testcase classname="tests.integration.test_essence_required_sources_postgres" name="test_url_only_source_becomes_required_once_it_has_text" time="0.034" /><testcase classname="tests.integration.test_essence_required_sources_postgres" name="test_archived_base_is_never_current_even_with_legacy_flag[False]" time="0.039" /><testcase classname="tests.integration.test_essence_required_sources_postgres" name="test_archived_base_is_never_current_even_with_legacy_flag[True]" time="0.044" /><testcase classname="tests.integration.test_essence_required_sources_postgres" name="test_whitespace_only_text_counts_as_no_text" time="0.031" /><testcase classname="tests.integration.test_essence_required_sources_postgres" name="test_unicode_whitespace_only_text_counts_as_no_text" time="0.032" /><testcase classname="tests.integration.test_essence_required_sources_postgres" name="test_monthly_summary_uses_the_same_required_source_set" time="0.032" /><testcase classname="tests.integration.test_evidence_noise_scope_postgres" name="test_only_notes_of_required_text_sources_enter_the_hash" time="0.026" /><testcase classname="tests.integration.test_evidence_noise_scope_postgres" name="test_toggling_noise_outside_the_required_set_does_not_move_the_hash" time="0.034" /><testcase classname="tests.integration.test_evidence_noise_scope_postgres" name="test_unmarking_noise_keeps_base_current_and_public_baseline" time="0.039" /><testcase classname="tests.integration.test_exposure_action_records_postgres" name="test_query_fallback_cannot_steal_record_with_explicit_different_target" time="0.040" /><testcase classname="tests.integration.test_exposure_action_records_postgres" name="test_query_fallback_requires_one_active_target_for_real_postgres" time="0.030" /><testcase classname="tests.integration.test_generation_child_idempotency_postgres" name="test_repeated_child_keeps_first_committed_outcome" time="0.013" /><testcase classname="tests.integration.test_generation_child_idempotency_postgres" name="test_concurrent_child_writers_share_one_committed_result" time="0.007" /><testcase classname="tests.integration.test_generation_child_idempotency_postgres" name="test_non_idempotency_integrity_errors_still_raise" time="0.006" /><testcase classname="tests.integration.test_generation_write_back_guard" name="test_write_back_applies_while_the_item_is_still_a_draft" time="0.004" /><testcase classname="tests.integration.test_generation_write_back_guard" name="test_nightly_selector_handles_json_null_and_selects_only_repairable_items" time="0.019" /><testcase classname="tests.integration.test_generation_write_back_guard" name="test_write_back_cannot_resurrect_content_cancelled_during_generation" time="0.003" /><testcase classname="tests.integration.test_generation_write_back_guard" name="test_write_back_does_not_overwrite_an_already_published_item" time="0.003" /><testcase classname="tests.integration.test_generation_write_back_guard" name="test_old_revision_and_claim_cannot_overwrite_newer_edit" time="0.003" /><testcase classname="tests.integration.test_generation_write_back_guard" name="test_exact_claim_release_cannot_clear_new_owner" time="0.003" /><testcase classname="tests.integration.test_generation_write_back_guard" name="test_second_image_owner_cannot_claim_live_generation_lease" time="0.004" /><testcase classname="tests.integration.test_generation_write_back_guard" name="test_a_dirty_tracked_object_bypasses_the_guard_via_autoflush" time="0.004" /><testcase classname="tests.integration.test_generation_write_back_guard" name="test_unfinished_claims_are_released_so_a_redelivery_can_pick_them_up" time="0.006" /><testcase classname="tests.integration.test_generation_write_back_guard" name="test_claim_release_is_scoped_to_the_exact_attempt" time="0.005" /><testcase classname="tests.integration.test_generation_write_back_guard" name="test_mixed_generation_batch_finishes_partial_with_retryable_failed_item" time="0.011" /><testcase classname="tests.integration.test_generation_write_back_guard" name="test_all_due_items_behind_live_leases_finish_failed" time="0.024" /><testcase classname="tests.integration.test_generation_write_back_guard" name="test_processed_and_live_lease_items_finish_partial" time="0.015" /><testcase classname="tests.integration.test_generation_write_back_guard" name="test_generation_failure_stays_silent_before_due_slot_and_retry_recovers_it" time="0.058" /><testcase classname="tests.integration.test_hospital_http_cert_fields" name="test_hospital_list_http_includes_cert_fields" time="0.041" /><testcase classname="tests.integration.test_hospital_http_cert_fields" name="test_hospital_detail_http_includes_all_cert_fields" time="0.020" /><testcase classname="tests.integration.test_hospital_list_states_postgres" name="test_list_rows_carry_the_three_states" time="0.045" /><testcase classname="tests.integration.test_hospital_list_states_postgres" name="test_list_rows_count_open_exceptions_and_name_the_ae_owner" time="0.050" /><testcase classname="tests.integration.test_hospital_list_states_postgres" name="test_list_query_count_is_constant_across_hospitals" time="0.065" /><testcase classname="tests.integration.test_hospital_overview_postgres" name="test_live_hospital_reports_states_exceptions_and_this_month" time="0.061" /><testcase classname="tests.integration.test_hospital_overview_postgres" name="test_preparing_hospital_splits_human_work_from_system_work" time="0.041" /><testcase classname="tests.integration.test_hospital_overview_postgres" name="test_preparing_hospital_with_base_only_lists_schedule_condition" time="0.043" /><testcase classname="tests.integration.test_hospital_overview_postgres" name="test_overview_and_list_agree_on_what_needs_an_operator" time="0.065" /><testcase classname="tests.integration.test_hospital_overview_postgres" name="test_same_cause_incidents_are_one_exception_on_both_screens" time="0.055" /><testcase classname="tests.integration.test_hospital_overview_postgres" name="test_paused_hospital_withholds_every_published_item" time="0.046" /><testcase classname="tests.integration.test_hospital_overview_postgres" name="test_a_hospital_without_sources_asks_a_person_not_the_system" time="0.039" /><testcase classname="tests.integration.test_hospital_overview_postgres" name="test_a_draft_the_automatic_re_review_still_owns_is_not_an_exception_card" time="0.044" /><testcase classname="tests.integration.test_hospital_overview_postgres" name="test_a_draft_whose_automatic_budget_is_spent_becomes_an_exception_card" time="0.043" /><testcase classname="tests.integration.test_hospital_overview_postgres" name="test_an_escalated_draft_from_an_older_snapshot_stops_being_an_exception" time="0.043" /><testcase classname="tests.integration.test_hospital_overview_postgres" name="test_a_gap_without_a_reason_is_not_an_exception_card" time="0.046" /><testcase classname="tests.integration.test_hospital_overview_postgres" name="test_an_open_incident_is_a_card_even_behind_an_in_sla_retry" time="0.057" /><testcase classname="tests.integration.test_hospital_overview_postgres" name="test_many_recovering_groups_do_not_push_the_operator_incident_off" time="0.062" /><testcase classname="tests.integration.test_hospital_overview_postgres" name="test_planned_total_is_the_contracted_plan_not_next_month_replacement" time="0.043" /><testcase classname="tests.integration.test_hospital_overview_postgres" name="test_planned_total_falls_back_to_the_schedule_already_active" time="0.042" /><testcase classname="tests.integration.test_hospital_overview_postgres" name="test_mention_rate_says_which_week_it_was_measured" time="0.054" /><testcase classname="tests.integration.test_hospital_overview_postgres" name="test_overview_query_count_is_constant_across_incidents_and_content" time="0.090" /><testcase classname="tests.integration.test_hospital_overview_postgres" name="test_exception_card_carries_the_actions_the_server_will_accept" time="0.059" /><testcase classname="tests.integration.test_hospital_states_postgres" name="test_readiness_states_query_count_is_constant_across_hospitals" time="0.052" /><testcase classname="tests.integration.test_hospital_states_postgres" name="test_readiness_states_answer_each_hospital_from_its_own_rows" time="0.041" /><testcase classname="tests.integration.test_hospital_states_postgres" name="test_content_state_reads_the_batched_rows" time="0.035" /><testcase classname="tests.integration.test_hospital_states_postgres" name="test_automatic_re_review_budget_keeps_a_draft_out_of_the_exception_state" time="0.038" /><testcase classname="tests.integration.test_hospital_states_postgres" name="test_a_draft_from_an_older_source_snapshot_is_not_an_exception" time="0.030" /><testcase classname="tests.integration.test_indexnow_retry_postgres" name="test_concurrent_duplicate_enqueue_is_a_noop_instead_of_integrity_failure" time="0.005" /><testcase classname="tests.integration.test_indexnow_retry_postgres" name="test_enqueue_rollback_does_not_leave_an_external_delivery_intent" time="0.004" /><testcase classname="tests.integration.test_indexnow_retry_postgres" name="test_not_due_old_rows_cannot_starve_a_new_due_intent" time="0.036" /><testcase classname="tests.integration.test_inquiry_internal_diagnosis.TestInternalDiagnosisCreation" name="test_admin_creation_skips_free_quota_locks_and_public_token" time="0.027" /><testcase classname="tests.integration.test_inquiry_internal_diagnosis.TestInternalDiagnosisCreation" name="test_creation_preserves_the_introduction_inquiry_marker" time="0.021" /><testcase classname="tests.integration.test_inquiry_internal_diagnosis.TestInternalDiagnosisCreation" name="test_creation_still_enriches_a_lead_without_the_marker" time="0.020" /><testcase classname="tests.integration.test_inquiry_internal_diagnosis.TestInternalDiagnosisCreation" name="test_non_inquiry_lead_is_refused" time="0.012" /><testcase classname="tests.integration.test_inquiry_internal_diagnosis.TestInternalDiagnosisCreation" name="test_second_internal_diagnosis_is_refused" time="0.019" /><testcase classname="tests.integration.test_inquiry_internal_diagnosis.TestCustomerDeliveryFences" name="test_drain_excludes_inquiry_source_and_legacy_clinic_type" time="0.017" /><testcase classname="tests.integration.test_inquiry_internal_diagnosis.TestCustomerDeliveryFences" name="test_direct_delivery_holds_inquiry_without_calling_resend" time="0.214" /><testcase classname="tests.integration.test_inquiry_internal_diagnosis.TestCustomerDeliveryFences" name="test_stuck_inquiry_is_held_and_never_returned_for_retry" time="0.022" /><testcase classname="tests.integration.test_inquiry_internal_diagnosis.TestCustomerDeliveryFences" name="test_admin_retry_is_forbidden_for_inquiry" time="0.013" /><testcase classname="tests.integration.test_inquiry_internal_diagnosis.TestCustomerDeliveryFences" name="test_public_token_is_rejected_even_if_a_legacy_row_exists" time="0.018" /><testcase classname="tests.integration.test_inquiry_internal_diagnosis.TestPublicIntakeAutoDiagnosis" name="test_intake_creates_a_queued_internal_diagnosis" time="0.026" /><testcase classname="tests.integration.test_inquiry_internal_diagnosis.TestPublicIntakeAutoDiagnosis" name="test_refused_input_still_records_the_lead_and_leaves_no_diagnosis" time="0.018" /><testcase classname="tests.integration.test_inquiry_internal_diagnosis.TestPublicIntakeAutoDiagnosis" name="test_same_contact_gets_one_acknowledgement_sms" time="0.028" /><testcase classname="tests.integration.test_lead_conversion_duplicates" name="test_converting_a_lead_links_the_existing_hospital_instead_of_duplicating" time="0.034" /><testcase classname="tests.integration.test_lead_conversion_duplicates" name="test_whitespace_and_case_differences_still_count_as_the_same_hospital" time="0.033" /><testcase classname="tests.integration.test_lead_conversion_duplicates" name="test_a_phone_only_match_asks_the_operator_instead_of_linking_silently" time="0.024" /><testcase classname="tests.integration.test_lead_conversion_duplicates" name="test_a_domain_only_candidate_is_not_a_name_match" time="0.021" /><testcase classname="tests.integration.test_lead_conversion_duplicates" name="test_the_applicant_personal_phone_is_never_matched_against_a_hospital_line" time="0.039" /><testcase classname="tests.integration.test_lead_conversion_duplicates" name="test_several_candidates_block_the_conversion_so_an_operator_chooses" time="0.029" /><testcase classname="tests.integration.test_lead_conversion_duplicates" name="test_a_lead_with_no_matching_hospital_still_creates_one" time="0.049" /><testcase classname="tests.integration.test_lead_conversion_duplicates" name="test_an_explicit_hospital_choice_is_never_overridden_by_detection" time="0.043" /><testcase classname="tests.integration.test_lead_conversion_duplicates" name="test_the_lead_candidate_list_uses_the_same_rule_as_the_conversion" time="0.024" /><testcase classname="tests.integration.test_lead_conversion_duplicates" name="test_the_candidate_list_does_not_surface_hospitals_by_applicant_phone" time="0.022" /><testcase classname="tests.integration.test_lead_delivery.TestHappyPath" name="test_report_email_is_sent_once_and_recorded" time="0.020" /><testcase classname="tests.integration.test_lead_delivery.TestHappyPath" name="test_idempotency_key_is_the_delivery_row_id" time="0.020" /><testcase classname="tests.integration.test_lead_delivery.TestHappyPath" name="test_email_links_to_the_report" time="0.020" /><testcase classname="tests.integration.test_lead_delivery.TestHappyPath" name="test_required_notices_are_in_the_email" time="0.019" /><testcase classname="tests.integration.test_lead_delivery.TestNoDoubleSend" name="test_second_call_after_success_does_not_send_again" time="0.020" /><testcase classname="tests.integration.test_lead_delivery.TestNoDoubleSend" name="test_retry_after_a_failure_reuses_the_same_key" time="0.022" /><testcase classname="tests.integration.test_lead_delivery.TestNoDoubleSend" name="test_retry_payload_is_byte_identical" time="0.022" /><testcase classname="tests.integration.test_lead_delivery.TestNoDoubleSend" name="test_only_one_delivery_row_per_diagnosis" time="0.023" /><testcase classname="tests.integration.test_lead_delivery.TestGates" name="test_report_not_ready_is_not_sent" time="0.014" /><testcase classname="tests.integration.test_lead_delivery.TestGates" name="test_purged_lead_is_not_emailed" time="0.013" /><testcase classname="tests.integration.test_lead_delivery.TestGates" name="test_unconfigured_mailer_raises_instead_of_pretending" time="0.018" /><testcase classname="tests.integration.test_lead_delivery.TestStuckSweep" name="test_a_recently_stuck_row_is_not_retried_yet" time="0.016" /><testcase classname="tests.integration.test_lead_delivery.TestStuckSweep" name="test_a_due_row_is_retried" time="0.016" /><testcase classname="tests.integration.test_lead_delivery.TestStuckSweep" name="test_rows_past_the_idempotency_window_are_abandoned" time="0.022" /><testcase classname="tests.integration.test_lead_delivery.TestStuckSweep" name="test_exhausted_attempts_are_abandoned" time="0.021" /><testcase classname="tests.integration.test_lead_delivery.TestManualRearm" name="test_a_failed_delivery_inside_the_window_is_rearmed" time="0.017" /><testcase classname="tests.integration.test_lead_delivery.TestManualRearm" name="test_rearm_keeps_the_idempotency_key" time="0.017" /><testcase classname="tests.integration.test_lead_delivery.TestManualRearm" name="test_rearm_then_send_actually_delivers_with_the_same_key" time="0.021" /><testcase classname="tests.integration.test_lead_delivery.TestManualRearm" name="test_rearm_does_not_create_a_second_delivery_row" time="0.024" /><testcase classname="tests.integration.test_lead_delivery.TestManualRearm" name="test_past_the_window_it_refuses_without_acknowledgement" time="0.016" /><testcase classname="tests.integration.test_lead_delivery.TestManualRearm" name="test_past_the_window_with_acknowledgement_is_rearmed_and_sendable" time="0.021" /><testcase classname="tests.integration.test_lead_delivery.TestManualRearm" name="test_already_sent_is_refused" time="0.016" /><testcase classname="tests.integration.test_lead_delivery.TestManualRearm" name="test_in_flight_delivery_is_left_to_the_sweep" time="0.017" /><testcase classname="tests.integration.test_lead_delivery.TestManualRearm" name="test_a_stuck_sending_row_past_the_window_can_be_rearmed_with_ack" time="0.018" /><testcase classname="tests.integration.test_lead_delivery.TestManualRearm" name="test_report_not_ready_is_refused" time="0.013" /><testcase classname="tests.integration.test_lead_delivery.TestManualRearm" name="test_purged_lead_is_refused" time="0.013" /><testcase classname="tests.integration.test_lead_delivery.TestManualRearm" name="test_a_diagnosis_with_no_delivery_row_is_simply_requeued" time="0.014" /><testcase classname="tests.integration.test_lead_delivery.TestRetryDeliveryEndpoint" name="test_unknown_lead_is_404" time="0.009" /><testcase classname="tests.integration.test_lead_delivery.TestRetryDeliveryEndpoint" name="test_success_records_an_audit_log" time="0.023" /><testcase classname="tests.integration.test_lead_delivery.TestRetryDeliveryEndpoint" name="test_refusal_explains_why_per_diagnosis" time="0.019" /><testcase classname="tests.integration.test_lead_delivery.TestRetryDeliveryEndpoint" name="test_refusal_writes_no_audit_trail" time="0.020" /><testcase classname="tests.integration.test_lead_delivery.TestRetryDeliveryEndpoint" name="test_lead_without_a_diagnosis_is_409" time="0.012" /><testcase classname="tests.integration.test_lead_delivery.TestRetryLadderInvariants" name="test_all_retry_delays_fit_inside_the_idempotency_window" time="0.001" /><testcase classname="tests.integration.test_lead_diagnosis_constraints.TestDualLock" name="test_same_email_with_a_different_phone_is_rejected" time="0.003" /><testcase classname="tests.integration.test_lead_diagnosis_constraints.TestDualLock" name="test_same_phone_with_a_different_email_is_rejected" time="0.002" /><testcase classname="tests.integration.test_lead_diagnosis_constraints.TestDualLock" name="test_both_new_is_accepted" time="0.002" /><testcase classname="tests.integration.test_lead_diagnosis_constraints.TestDualLock" name="test_released_lock_frees_both_keys" time="0.002" /><testcase classname="tests.integration.test_lead_diagnosis_constraints.TestDualLock" name="test_release_does_not_free_other_diagnoses" time="0.002" /><testcase classname="tests.integration.test_lead_diagnosis_constraints.TestDailySlots" name="test_same_slot_number_on_the_same_day_is_rejected" time="0.002" /><testcase classname="tests.integration.test_lead_diagnosis_constraints.TestDailySlots" name="test_the_same_slot_number_reopens_the_next_day" time="0.002" /><testcase classname="tests.integration.test_lead_diagnosis_constraints.TestDailySlots" name="test_slot_number_must_be_positive" time="0.002" /><testcase classname="tests.integration.test_lead_diagnosis_constraints.TestDailySlots" name="test_the_counter_serializes_allocation_up_to_the_limit" time="0.002" /><testcase classname="tests.integration.test_lead_diagnosis_constraints.TestDailySlots" name="test_the_counter_cannot_go_negative" time="0.002" /><testcase classname="tests.integration.test_lead_diagnosis_constraints.TestAxisInvariants" name="test_a_report_cannot_be_built_without_a_usable_execution[BUILDING-PENDING]" time="0.002" /><testcase classname="tests.integration.test_lead_diagnosis_constraints.TestAxisInvariants" name="test_a_report_cannot_be_built_without_a_usable_execution[BUILDING-RUNNING]" time="0.002" /><testcase classname="tests.integration.test_lead_diagnosis_constraints.TestAxisInvariants" name="test_a_report_cannot_be_built_without_a_usable_execution[BUILDING-FAILED]" time="0.002" /><testcase classname="tests.integration.test_lead_diagnosis_constraints.TestAxisInvariants" name="test_a_report_cannot_be_built_without_a_usable_execution[READY-PENDING]" time="0.002" /><testcase classname="tests.integration.test_lead_diagnosis_constraints.TestAxisInvariants" name="test_a_report_cannot_be_built_without_a_usable_execution[READY-RUNNING]" time="0.002" /><testcase classname="tests.integration.test_lead_diagnosis_constraints.TestAxisInvariants" name="test_a_report_cannot_be_built_without_a_usable_execution[READY-FAILED]" time="0.002" /><testcase classname="tests.integration.test_lead_diagnosis_constraints.TestAxisInvariants" name="test_terminal_report_states_do_not_require_a_usable_execution[BLOCKED]" time="0.001" /><testcase classname="tests.integration.test_lead_diagnosis_constraints.TestAxisInvariants" name="test_terminal_report_states_do_not_require_a_usable_execution[PURGED]" time="0.001" /><testcase classname="tests.integration.test_lead_diagnosis_constraints.TestAxisInvariants" name="test_report_may_proceed_on_succeeded_or_partial[SUCCEEDED]" time="0.001" /><testcase classname="tests.integration.test_lead_diagnosis_constraints.TestAxisInvariants" name="test_report_may_proceed_on_succeeded_or_partial[PARTIAL]" time="0.001" /><testcase classname="tests.integration.test_lead_diagnosis_constraints.TestAxisInvariants" name="test_delivery_cannot_start_before_the_report_is_ready" time="0.002" /><testcase classname="tests.integration.test_lead_diagnosis_constraints.TestAxisInvariants" name="test_delivery_may_proceed_after_purge" time="0.001" /><testcase classname="tests.integration.test_lead_diagnosis_constraints.TestMeasurementUniqueness" name="test_the_same_measurement_cannot_be_recorded_twice" time="0.002" /><testcase classname="tests.integration.test_lead_diagnosis_constraints.TestMeasurementUniqueness" name="test_a_retry_attempt_is_a_separate_row" time="0.002" /><testcase classname="tests.integration.test_lead_diagnosis_constraints.TestQueryAnswerCache" name="test_one_answer_per_query_and_repeat" time="0.002" /><testcase classname="tests.integration.test_lead_diagnosis_constraints.TestQueryAnswerCache" name="test_repeats_of_the_same_query_are_stored_separately" time="0.002" /><testcase classname="tests.integration.test_lead_diagnosis_constraints.TestCascadeFromLead" name="test_deleting_a_lead_removes_its_diagnosis_and_results" time="0.003" /><testcase classname="tests.integration.test_lead_diagnosis_drain.TestClaim" name="test_only_one_worker_wins_the_claim" time="0.016" /><testcase classname="tests.integration.test_lead_diagnosis_drain.TestClaim" name="test_claim_increments_attempts_and_stamps_running" time="0.016" /><testcase classname="tests.integration.test_lead_diagnosis_drain.TestClaim" name="test_exhausted_attempts_cannot_be_claimed" time="0.014" /><testcase classname="tests.integration.test_lead_diagnosis_drain.TestClaim" name="test_running_diagnosis_cannot_be_claimed" time="0.014" /><testcase classname="tests.integration.test_lead_diagnosis_drain.TestReclaimStalled" name="test_a_worker_death_does_not_strand_a_diagnosis" time="0.014" /><testcase classname="tests.integration.test_lead_diagnosis_drain.TestReclaimStalled" name="test_a_healthy_running_diagnosis_is_not_stolen" time="0.015" /><testcase classname="tests.integration.test_lead_diagnosis_drain.TestDeadLetter" name="test_exhausted_pending_becomes_failed" time="0.016" /><testcase classname="tests.integration.test_lead_diagnosis_drain.TestDeadLetter" name="test_a_retriable_diagnosis_is_left_alone" time="0.014" /><testcase classname="tests.integration.test_lead_diagnosis_drain.TestDispatchOrder" name="test_oldest_pending_is_dispatched_first" time="0.016" /><testcase classname="tests.integration.test_lead_diagnosis_drain.TestDispatchOrder" name="test_exhausted_rows_are_not_dispatched" time="0.013" /><testcase classname="tests.integration.test_lead_diagnosis_drain.TestDispatchOrder" name="test_dispatch_is_capped_per_tick" time="0.016" /><testcase classname="tests.integration.test_lead_diagnosis_drain.TestExecutionRecovery" name="test_terminal_measurement_recovery_uses_attempt_cas_without_reset" time="0.016" /><testcase classname="tests.integration.test_lead_diagnosis_drain.TestExecutionRecovery" name="test_terminal_measurement_recovery_rejects_a_stale_attempt_cas" time="0.014" /><testcase classname="tests.integration.test_lead_diagnosis_drain.TestExecutionRecovery" name="test_terminal_report_rebuild_preserves_attempt_count_and_blocks_sent_report" time="0.018" /><testcase classname="tests.integration.test_lead_diagnosis_drain.TestExecutionRecovery" name="test_report_writeback_loses_to_purge_and_deletes_uploaded_object" time="0.021" /><testcase classname="tests.integration.test_lead_diagnosis_drain.TestExecutionRecovery" name="test_a_crash_returns_the_row_to_pending" time="0.018" /><testcase classname="tests.integration.test_lead_diagnosis_drain.TestExecutionRecovery" name="test_insufficient_confirmation_is_requeued_while_attempts_remain" time="0.019" /><testcase classname="tests.integration.test_lead_diagnosis_drain.TestExecutionRecovery" name="test_blocked_failures_are_not_requeued" time="0.035" /><testcase classname="tests.integration.test_lead_diagnosis_drain.TestExecutionRecovery" name="test_insufficient_confirmation_stays_failed_once_attempts_are_spent" time="0.035" /><testcase classname="tests.integration.test_lead_diagnosis_engine.TestCallBudget" name="test_reservation_counts_the_provider_calls_not_the_diagnosis" time="0.112" /><testcase classname="tests.integration.test_lead_diagnosis_engine.TestCallBudget" name="test_cache_hits_are_not_charged" time="0.161" /><testcase classname="tests.integration.test_lead_diagnosis_engine.TestCallBudget" name="test_blocked_budget_stops_before_any_provider_call" time="0.022" /><testcase classname="tests.integration.test_lead_diagnosis_engine.TestCallBudget" name="test_blocked_budget_writes_no_measurement_rows" time="0.022" /><testcase classname="tests.integration.test_lead_diagnosis_engine.TestCallBudget" name="test_cached_answers_still_obey_kill_switch_before_paid_judgment" time="0.116" /><testcase classname="tests.integration.test_lead_diagnosis_engine.TestCallBudget" name="test_daily_budget_reset_resumes_same_diagnosis_automatically" time="0.118" /><testcase classname="tests.integration.test_lead_diagnosis_engine.TestCallBudget" name="test_judgment_budget_deferral_keeps_purchased_answers" time="0.150" /><testcase classname="tests.integration.test_lead_diagnosis_engine.TestCallBudget" name="test_leadgen_budget_is_separate_from_the_operations_sov_budget" time="0.001" /><testcase classname="tests.integration.test_lead_diagnosis_engine.TestMeasurementVolume" name="test_a_diagnosis_is_always_eighteen_measurements" time="0.105" /><testcase classname="tests.integration.test_lead_diagnosis_engine.TestMeasurementVolume" name="test_both_platforms_get_the_same_queries" time="0.106" /><testcase classname="tests.integration.test_lead_diagnosis_engine.TestExecutionStatus" name="test_all_success_is_succeeded" time="0.104" /><testcase classname="tests.integration.test_lead_diagnosis_engine.TestExecutionStatus" name="test_one_dead_platform_is_failed_not_partial" time="0.080" /><testcase classname="tests.integration.test_lead_diagnosis_engine.TestExecutionStatus" name="test_one_missing_measurement_per_platform_is_still_partial" time="0.108" /><testcase classname="tests.integration.test_lead_diagnosis_engine.TestExecutionStatus" name="test_scattered_failures_below_the_floor_are_failed" time="0.084" /><testcase classname="tests.integration.test_lead_diagnosis_engine.TestExecutionStatus" name="test_ambiguous_verdicts_do_not_count_as_confirmed" time="0.106" /><testcase classname="tests.integration.test_lead_diagnosis_engine.TestExecutionStatus" name="test_policy_drift_blocks_measurement_before_any_provider_call" time="0.015" /><testcase classname="tests.integration.test_lead_diagnosis_engine.TestExecutionStatus" name="test_matching_policy_snapshot_measures_normally" time="0.095" /><testcase classname="tests.integration.test_lead_diagnosis_engine.TestExecutionStatus" name="test_judge_failure_is_not_recorded_as_a_zero_mention" time="0.205" /><testcase classname="tests.integration.test_lead_diagnosis_engine.TestExecutionStatus" name="test_ambiguous_checkpoint_is_reused_without_resampling" time="0.252" /><testcase classname="tests.integration.test_lead_diagnosis_engine.TestSharedQueryCache" name="test_redis_handoff_survives_owner_crash_by_backfilling_db_cache" time="0.122" /><testcase classname="tests.integration.test_lead_diagnosis_engine.TestSharedQueryCache" name="test_second_hospital_with_the_same_queries_calls_no_provider" time="0.198" /><testcase classname="tests.integration.test_lead_diagnosis_engine.TestSharedQueryCache" name="test_cached_judgment_uses_and_resets_leadgen_attribution" time="0.176" /><testcase classname="tests.integration.test_lead_diagnosis_engine.TestSharedQueryCache" name="test_cached_results_keep_the_original_measurement_time" time="0.182" /><testcase classname="tests.integration.test_lead_diagnosis_engine.TestSharedQueryCache" name="test_judging_is_redone_for_every_hospital" time="0.173" /><testcase classname="tests.integration.test_lead_diagnosis_engine.TestSharedQueryCache" name="test_a_different_region_does_not_hit_the_cache" time="0.226" /><testcase classname="tests.integration.test_lead_diagnosis_engine.TestSharedQueryCache" name="test_changing_the_answer_model_invalidates_the_cache" time="0.211" /><testcase classname="tests.integration.test_lead_diagnosis_engine.TestSharedQueryCache" name="test_changing_the_system_prompt_invalidates_the_cache" time="0.218" /><testcase classname="tests.integration.test_lead_diagnosis_engine.TestSharedQueryCache" name="test_expired_answers_are_not_reused" time="0.224" /><testcase classname="tests.integration.test_lead_diagnosis_engine.TestSharedQueryCache" name="test_failed_measurements_are_never_cached" time="0.043" /><testcase classname="tests.integration.test_lead_diagnosis_engine.TestSharedQueryCache" name="test_expired_entries_are_purged" time="0.119" /><testcase classname="tests.integration.test_lead_diagnosis_engine.TestCacheConflictIsolation" name="test_a_cache_collision_does_not_discard_the_measurements" time="0.214" /><testcase classname="tests.integration.test_lead_diagnosis_engine.TestCacheConflictIsolation" name="test_the_losing_writer_leaves_exactly_one_cache_row" time="0.234" /><testcase classname="tests.integration.test_lead_diagnosis_engine.TestRedisSingleFlight" name="test_same_cache_key_has_one_owner_and_durable_handoff" time="0.135" /><testcase classname="tests.integration.test_lead_diagnosis_engine.TestRedisSingleFlight" name="test_provider_exception_is_not_refetched_as_a_redis_failure" time="0.006" /><testcase classname="tests.integration.test_lead_diagnosis_engine.TestRedisSingleFlight" name="test_waiter_recovers_after_owner_lease_expires" time="1.014" /><testcase classname="tests.integration.test_lead_diagnosis_intake.TestHappyPath" name="test_accepted_application_creates_lead_diagnosis_and_token" time="0.034" /><testcase classname="tests.integration.test_lead_diagnosis_intake.TestHappyPath" name="test_status_url_token_is_stored_only_as_a_hash" time="0.022" /><testcase classname="tests.integration.test_lead_diagnosis_intake.TestHappyPath" name="test_hospital_name_never_appears_in_the_generated_queries" time="0.022" /><testcase classname="tests.integration.test_lead_diagnosis_intake.TestDualLock" name="test_second_application_with_the_same_email_is_rejected" time="0.024" /><testcase classname="tests.integration.test_lead_diagnosis_intake.TestDualLock" name="test_second_application_with_the_same_phone_is_rejected" time="0.025" /><testcase classname="tests.integration.test_lead_diagnosis_intake.TestDualLock" name="test_reformatted_phone_number_does_not_unlock" time="0.032" /><testcase classname="tests.integration.test_lead_diagnosis_intake.TestDualLock" name="test_plus_tagged_email_does_not_unlock" time="0.022" /><testcase classname="tests.integration.test_lead_diagnosis_intake.TestDualLock" name="test_rejection_does_not_leak_the_existing_status_url" time="0.021" /><testcase classname="tests.integration.test_lead_diagnosis_intake.TestDualLock" name="test_rejected_application_leaves_no_orphan_lead" time="0.023" /><testcase classname="tests.integration.test_lead_diagnosis_intake.TestDailySlots" name="test_slot_numbers_increase_and_remaining_decreases" time="0.025" /><testcase classname="tests.integration.test_lead_diagnosis_intake.TestDailySlots" name="test_application_is_refused_once_the_day_is_full" time="0.022" /><testcase classname="tests.integration.test_lead_diagnosis_intake.TestDailySlots" name="test_slot_endpoint_reports_the_real_count" time="0.019" /><testcase classname="tests.integration.test_lead_diagnosis_intake.TestAbuseDefenses" name="test_honeypot_returns_success_without_storing_anything" time="0.009" /><testcase classname="tests.integration.test_lead_diagnosis_intake.TestAbuseDefenses" name="test_keyword_containing_the_hospital_name_is_rejected" time="0.007" /><testcase classname="tests.integration.test_lead_diagnosis_intake.TestAbuseDefenses" name="test_spacing_variants_of_the_hospital_name_are_also_rejected" time="0.008" /><testcase classname="tests.integration.test_lead_diagnosis_intake.TestAbuseDefenses" name="test_missing_privacy_consent_is_rejected" time="0.006" /><testcase classname="tests.integration.test_lead_diagnosis_intake.TestAbuseDefenses" name="test_unusable_phone_numbers_are_rejected[\uc5c6\uc74c]" time="0.007" /><testcase classname="tests.integration.test_lead_diagnosis_intake.TestAbuseDefenses" name="test_unusable_phone_numbers_are_rejected[1234]" time="0.007" /><testcase classname="tests.integration.test_lead_diagnosis_intake.TestAbuseDefenses" name="test_unusable_phone_numbers_are_rejected[abc]" time="0.007" /><testcase classname="tests.integration.test_lead_diagnosis_intake.TestAbuseDefenses" name="test_patient_sensitive_text_is_rejected" time="0.007" /><testcase classname="tests.integration.test_lead_diagnosis_intake.TestSlotNumbering" name="test_a_deleted_row_does_not_wedge_the_day" time="0.032" /><testcase classname="tests.integration.test_lead_diagnosis_intake.TestSlotNumbering" name="test_the_daily_counter_is_monotonic" time="0.024" /><testcase classname="tests.integration.test_lead_diagnosis_intake.TestSlotNumbering" name="test_concurrent_applications_all_get_distinct_slots" time="0.042" /><testcase classname="tests.integration.test_lead_diagnosis_purge.TestPurgeCascade" name="test_everything_identifiable_is_gone" time="0.016" /><testcase classname="tests.integration.test_lead_diagnosis_purge.TestPurgeCascade" name="test_lock_hashes_survive_the_purge" time="0.008" /><testcase classname="tests.integration.test_lead_diagnosis_purge.TestPurgeCascade" name="test_purge_is_idempotent" time="0.007" /><testcase classname="tests.integration.test_lead_diagnosis_purge.TestPurgeCascade" name="test_storage_deletion_failure_blocks_the_db_change" time="0.005" /><testcase classname="tests.integration.test_lead_diagnosis_report_api.TestStatusEndpoint" name="test_measuring_phase_before_execution_finishes" time="0.016" /><testcase classname="tests.integration.test_lead_diagnosis_report_api.TestStatusEndpoint" name="test_ready_phase_when_the_report_exists" time="0.018" /><testcase classname="tests.integration.test_lead_diagnosis_report_api.TestStatusEndpoint" name="test_internal_status_names_are_not_exposed" time="0.017" /><testcase classname="tests.integration.test_lead_diagnosis_report_api.TestStatusEndpoint" name="test_failed_execution_does_not_leak_the_internal_error" time="0.020" /><testcase classname="tests.integration.test_lead_diagnosis_report_api.TestTokenGate" name="test_unknown_token_is_404" time="0.011" /><testcase classname="tests.integration.test_lead_diagnosis_report_api.TestTokenGate" name="test_expired_token_is_indistinguishable_from_unknown" time="0.017" /><testcase classname="tests.integration.test_lead_diagnosis_report_api.TestTokenGate" name="test_revoked_token_is_rejected" time="0.022" /><testcase classname="tests.integration.test_lead_diagnosis_report_api.TestTokenGate" name="test_status_polling_does_not_count_as_access" time="0.028" /><testcase classname="tests.integration.test_lead_diagnosis_report_api.TestTokenGate" name="test_report_view_is_counted" time="0.025" /><testcase classname="tests.integration.test_lead_diagnosis_report_api.TestTokenGate" name="test_a_token_only_opens_its_own_diagnosis" time="0.028" /><testcase classname="tests.integration.test_lead_diagnosis_report_api.TestReportDelivery" name="test_ready_report_is_served_with_no_store_headers" time="0.025" /><testcase classname="tests.integration.test_lead_diagnosis_report_api.TestReportDelivery" name="test_report_not_ready_is_409_not_an_empty_pdf" time="0.018" /><testcase classname="tests.integration.test_lead_diagnosis_report_api.TestReportDelivery" name="test_ready_without_an_artifact_is_409_not_500" time="0.020" /><testcase classname="tests.integration.test_lead_diagnosis_report_api.TestReportDelivery" name="test_purged_report_is_410_gone_not_404" time="0.021" /><testcase classname="tests.integration.test_lead_diagnosis_report_api.TestReportDelivery" name="test_the_newest_unpurged_version_is_served" time="0.020" /><testcase classname="tests.integration.test_lead_diagnosis_report_api.TestReportDelivery" name="test_purged_artifact_rows_are_skipped" time="0.020" /><testcase classname="tests.integration.test_lead_diagnosis_report_api.TestAdminTerminalRecovery" name="test_failed_measurement_recovery_is_audited_idempotent_and_non_destructive" time="0.046" /><testcase classname="tests.integration.test_lead_diagnosis_report_api.TestAdminTerminalRecovery" name="test_recovery_prevents_parallel_axis_duplicate_and_ready_rebuild" time="0.041" /><testcase classname="tests.integration.test_lead_diagnosis_review_fixes.TestEraseApiPurgesEverything" name="test_erase_removes_pdf_tokens_and_raw_text" time="0.031" /><testcase classname="tests.integration.test_lead_diagnosis_review_fixes.TestEraseApiPurgesEverything" name="test_erase_scrubs_identifying_diagnosis_fields" time="0.029" /><testcase classname="tests.integration.test_lead_diagnosis_review_fixes.TestEraseApiPurgesEverything" name="test_erase_keeps_the_permanent_locks" time="0.031" /><testcase classname="tests.integration.test_lead_diagnosis_review_fixes.TestPurgeSurvivesAFailedDiagnosis" name="test_a_failed_diagnosis_can_be_purged" time="0.027" /><testcase classname="tests.integration.test_lead_diagnosis_review_fixes.TestPurgeSurvivesAFailedDiagnosis" name="test_a_blocked_report_can_be_purged" time="0.026" /><testcase classname="tests.integration.test_lead_diagnosis_review_fixes.TestPurgeRetryMovesForward" name="test_an_already_deleted_object_does_not_block_the_retry" time="0.027" /><testcase classname="tests.integration.test_lead_diagnosis_review_fixes.TestQueryInjectionSurface" name="test_hospital_name_in_any_query_input_is_rejected[clinic_type]" time="0.007" /><testcase classname="tests.integration.test_lead_diagnosis_review_fixes.TestQueryInjectionSurface" name="test_hospital_name_in_any_query_input_is_rejected[region_keyword]" time="0.007" /><testcase classname="tests.integration.test_lead_diagnosis_review_fixes.TestQueryInjectionSurface" name="test_generated_queries_never_contain_the_hospital_name" time="0.019" /><testcase classname="tests.integration.test_lead_diagnosis_review_fixes.TestPinnedModelDrift" name="test_a_drifting_model_fails_instead_of_measuring" time="0.001" /><testcase classname="tests.integration.test_lead_diagnosis_review_fixes.TestPinnedModelDrift" name="test_a_matching_model_proceeds" time="0.001" /><testcase classname="tests.integration.test_lead_diagnosis_review_fixes.TestMailEscaping" name="test_html_in_the_hospital_name_is_escaped" time="0.001" /><testcase classname="tests.integration.test_lead_diagnosis_review_fixes.TestMailEscaping" name="test_newlines_in_the_subject_are_stripped" time="0.001" /><testcase classname="tests.integration.test_lead_diagnosis_review_fixes.TestDeliveryWindowRecheck" name="test_send_is_refused_when_the_window_closed_after_dispatch" time="0.024" /><testcase classname="tests.integration.test_lead_diagnosis_review_fixes.TestSingleDeliveryRow" name="test_a_second_delivery_row_is_rejected_by_the_database" time="0.017" /><testcase classname="tests.integration.test_lead_diagnosis_review_fixes.TestAdminReleaseLock" name="test_release_frees_the_lock_and_records_why" time="0.022" /><testcase classname="tests.integration.test_lead_diagnosis_review_fixes.TestAdminReleaseLock" name="test_releasing_twice_is_rejected" time="0.020" /><testcase classname="tests.integration.test_lead_diagnosis_review_fixes.TestAdminReleaseLock" name="test_a_released_phone_can_apply_again" time="0.030" /><testcase classname="tests.integration.test_lead_diagnosis_review_fixes.TestStatusEnumGuard" name="test_an_unknown_status_is_rejected" time="0.017" /><testcase classname="tests.integration.test_lead_diagnosis_review_fixes" name="test_purge_helper_is_shared_by_both_paths" time="0.001" /><testcase classname="tests.integration.test_measurement_observation_slots_postgres" name="test_takeover_discards_late_provider_returns_and_caps_claimed_attempts" time="0.039" /><testcase classname="tests.integration.test_measurement_observation_slots_postgres" name="test_judgment_retry_reuses_answer_and_settles_each_stage" time="0.023" /><testcase classname="tests.integration.test_measurement_observation_slots_postgres" name="test_cost_blocks_do_not_consume_stage_attempts_and_zero_judgment_checks_guard" time="0.023" /><testcase classname="tests.integration.test_monthly_delivery_repair" name="test_0041_then_head_repair_matches_fresh_alembic_constraint_contract[missing-versioned-constraint]" time="0.027" /><testcase classname="tests.integration.test_monthly_delivery_repair" name="test_0041_then_head_repair_matches_fresh_alembic_constraint_contract[observed-both-constraints]" time="0.015" /><testcase classname="tests.integration.test_monthly_delivery_repair" name="test_repair_is_noop_on_fresh_from_head_database" time="0.011" /><testcase classname="tests.integration.test_monthly_delivery_repair" name="test_version_two_monthly_report_is_allowed_by_alembic_database" time="0.003" /><testcase classname="tests.integration.test_monthly_finalize_fresh_evidence_postgres" name="test_first_pass_finalizes_after_preloading_empty_slot_collection" time="0.299" /><testcase classname="tests.integration.test_monthly_period_postgres" name="test_real_postgres_historical_eligibility_and_concurrent_versions" time="0.017" /><testcase classname="tests.integration.test_photo_asset_kind_backfill_postgres" name="test_second_run_changes_nothing_for_any_metadata_shape" time="0.004" /><testcase classname="tests.integration.test_photo_asset_kind_backfill_postgres" name="test_every_backfilled_row_becomes_an_object_with_a_top_level_asset_kind" time="0.003" /><testcase classname="tests.integration.test_photo_asset_kind_backfill_postgres" name="test_non_object_metadata_never_grows_into_a_nested_array" time="0.003" /><testcase classname="tests.integration.test_photo_asset_kind_backfill_postgres" name="test_object_metadata_keeps_the_keys_it_already_had" time="0.003" /><testcase classname="tests.integration.test_photo_asset_kind_backfill_postgres" name="test_already_classified_and_non_photo_rows_are_left_alone" time="0.003" /><testcase classname="tests.integration.test_photo_asset_kind_backfill_postgres" name="test_sql_null_metadata_is_coerced_instead_of_concatenated" time="0.001" /><testcase classname="tests.integration.test_plan_tier_migration" name="test_plan_tier_migration_upgrades_plan_8_and_only_supports_legacy_downgrade" time="0.007" /><testcase classname="tests.integration.test_provider_usage_postgres" name="test_provider_attempt_is_durable_and_idempotent_without_domain_transaction" time="0.016" /><testcase classname="tests.integration.test_provider_usage_postgres" name="test_telemetry_fk_failure_does_not_poison_callers_domain_session" time="0.020" /><testcase classname="tests.integration.test_public_cross_tenant_isolation" name="test_each_tenant_serves_only_its_own_published_content" time="0.048" /><testcase classname="tests.integration.test_public_cross_tenant_isolation" name="test_content_list_never_leaks_another_hospitals_items" time="0.041" /><testcase classname="tests.integration.test_public_cross_tenant_isolation" name="test_content_detail_under_another_hospitals_slug_is_404" time="0.040" /><testcase classname="tests.integration.test_public_cross_tenant_isolation" name="test_content_detail_is_404_even_when_it_points_at_the_requesting_hospitals_philosophy" time="0.041" /><testcase classname="tests.integration.test_public_cross_tenant_isolation" name="test_content_list_excludes_items_misfiled_onto_the_requesting_hospitals_philosophy" time="0.043" /><testcase classname="tests.integration.test_public_cross_tenant_isolation" name="test_content_image_under_another_hospitals_slug_is_404" time="0.045" /><testcase classname="tests.integration.test_public_cross_tenant_isolation" name="test_public_asset_under_another_hospitals_slug_is_404" time="0.040" /><testcase classname="tests.integration.test_public_cross_tenant_isolation" name="test_hospital_detail_exposes_only_the_requested_tenants_photos" time="0.045" /><testcase classname="tests.integration.test_public_cross_tenant_isolation" name="test_inactive_hospital_content_is_not_public_even_with_its_own_slug" time="0.038" /><testcase classname="tests.integration.test_public_photo_provenance_postgres" name="test_the_public_photo_constraint_is_live_on_this_database" time="0.023" /><testcase classname="tests.integration.test_public_photo_provenance_postgres" name="test_public_photo_upload_with_rights_evidence_commits" time="0.025" /><testcase classname="tests.integration.test_public_photo_provenance_postgres" name="test_complete_owner_consent_upload_honours_do_not_publish" time="0.025" /><testcase classname="tests.integration.test_public_photo_provenance_postgres" name="test_asking_to_publish_without_rights_evi
[...]
st_autonomy[MISSING_APPROVED_ESSENCE-0-False]" time="0.001" /><testcase classname="tests.test_tasks_nightly" name="test_eight_oclock_digest_autonomy[ESSENCE_NOT_ALIGNED-0-False]" time="0.001" /><testcase classname="tests.test_tasks_nightly" name="test_eight_oclock_digest_autonomy[ESSENCE_NOT_ALIGNED-1-False]" time="0.001" /><testcase classname="tests.test_tasks_nightly" name="test_eight_oclock_digest_autonomy[ESSENCE_NOT_ALIGNED-2-False]" time="0.001" /><testcase classname="tests.test_tasks_nightly" name="test_eight_oclock_digest_autonomy[PROVIDER_UNAVAILABLE-0-True]" time="0.001" /><testcase classname="tests.test_tasks_nightly" name="test_weekly_rejection_rollup_uses_the_completed_kst_week_once" time="0.001" /><testcase classname="tests.test_tasks_nightly" name="test_weekly_rollup_still_reports_yield_when_no_rejection_is_open" time="0.001" /><testcase classname="tests.test_tasks_nightly" name="test_weekly_rejection_rollup_query_includes_rejected_class_only" time="0.002" /><testcase classname="tests.test_tasks_nightly" name="test_seven_forty_five_reports_the_stored_terminal_image_cause" time="0.001" /><testcase classname="tests.test_tasks_nightly" name="test_blocked_image_digest_line_names_the_credit_and_quota_check" time="0.001" /><testcase classname="tests.test_tasks_nightly" name="test_image_failure_classes_separate_quota_from_generic_errors[diagnostics0-None-COST_GUARD]" time="0.001" /><testcase classname="tests.test_tasks_nightly" name="test_image_failure_classes_separate_quota_from_generic_errors[diagnostics1-None-POLICY_REJECTED]" time="0.001" /><testcase classname="tests.test_tasks_nightly" name="test_image_failure_classes_separate_quota_from_generic_errors[diagnostics2-error2-PROVIDER_QUOTA]" time="0.001" /><testcase classname="tests.test_tasks_nightly" name="test_image_failure_classes_separate_quota_from_generic_errors[diagnostics3-None-PROVIDER_QUOTA]" time="0.001" /><testcase classname="tests.test_tasks_nightly" name="test_image_failure_classes_separate_quota_from_generic_errors[diagnostics4-error4-PROVIDER_ERROR]" time="0.001" /><testcase classname="tests.test_tasks_nightly" name="test_automatic_body_repair_stops_buying_regenerations_when_its_budget_is_spent" time="0.001" /><testcase classname="tests.test_tasks_nightly" name="test_body_repair_budget_survives_the_rewrite_that_replaces_the_summary" time="0.001" /><testcase classname="tests.test_tasks_nightly" name="test_scheduled_recovery_owns_body_repair_until_its_budget_is_spent" time="0.001" /><testcase classname="tests.test_tasks_nightly" name="test_sample_blocker_becomes_operator_work_only_after_the_budget_ends" time="0.001" /><testcase classname="tests.test_tasks_nightly" name="test_exhausted_image_budget_publishes_with_a_reused_hospital_image" time="0.001" /><testcase classname="tests.test_tasks_nightly" name="test_new_hospital_without_any_verified_image_keeps_the_blocked_behaviour" time="0.001" /><testcase classname="tests.test_tasks_nightly" name="test_first_article_publishes_with_the_certified_hospital_hero_image" time="0.001" /><testcase classname="tests.test_tasks_nightly" name="test_a_discarded_fallback_write_does_not_claim_success" time="0.001" /><testcase classname="tests.test_tasks_nightly" name="test_reused_image_publication_reaches_the_eight_oclock_digest" time="0.001" /><testcase classname="tests.test_tasks_nightly" name="test_sample_budget_exhaustion_opens_exactly_one_operator_incident[SAMPLE_RECOVERABLE-True]" time="0.002" /><testcase classname="tests.test_tasks_nightly" name="test_sample_budget_exhaustion_opens_exactly_one_operator_incident[OPERATOR_REQUIRED-False]" time="0.001" /><testcase classname="tests.test_tasks_nightly" name="test_uncertain_only_block_is_re_reviewed_by_the_sweep_and_can_pass" time="0.001" /><testcase classname="tests.test_tasks_nightly" name="test_uncertain_only_block_spends_the_daily_sample_budget_and_ends_operator_required" time="0.001" /><testcase classname="tests.test_tasks_nightly" name="test_model_declared_hard_finding_is_never_re_reviewed_by_the_sweep" time="0.001" /><testcase classname="tests.test_tasks_nightly" name="test_dispatcher_hands_each_claimed_item_to_one_per_item_task" time="0.002" /><testcase classname="tests.test_tasks_nightly" name="test_overnight_sweep_dispatches_without_individual_slack" time="0.001" /><testcase classname="tests.test_tasks_nightly" name="test_per_item_task_refuses_a_stale_or_mismatched_claim" time="0.001" /><testcase classname="tests.test_tasks_nightly" name="test_claimed_item_load_requires_the_current_unexpired_lease" time="0.001" /><testcase classname="tests.test_tasks_nightly" name="test_claimed_batch_interleaves_hospitals_round_robin" time="0.001" /><testcase classname="tests.test_tasks_nightly" name="test_dispatcher_warns_when_the_claim_cannot_finish_before_the_morning" time="0.004" /><testcase classname="tests.test_tasks_nightly" name="test_hero_fallback_publication_reaches_the_digest_with_its_source" time="0.001" /><testcase classname="tests.test_tasks_nightly" name="test_borrowed_article_publication_still_names_the_source_article" time="0.001" /><testcase classname="tests.test_tasks_nightly" name="test_an_own_topic_image_is_not_reported_as_substituted" time="0.001" /><testcase classname="tests.test_topic_swap_fallback" name="test_exhausted_body_sample_is_a_candidate" time="0.001" /><testcase classname="tests.test_topic_swap_fallback" name="test_non_candidates_are_never_swapped[overrides0]" time="0.001" /><testcase classname="tests.test_topic_swap_fallback" name="test_non_candidates_are_never_swapped[overrides1]" time="0.001" /><testcase classname="tests.test_topic_swap_fallback" name="test_non_candidates_are_never_swapped[overrides2]" time="0.001" /><testcase classname="tests.test_topic_swap_fallback" name="test_non_candidates_are_never_swapped[overrides3]" time="0.001" /><testcase classname="tests.test_topic_swap_fallback" name="test_model_declared_hard_finding_is_not_swapped" time="0.001" /><testcase classname="tests.test_topic_swap_fallback" name="test_synthetic_uncertain_finding_is_still_swapped" time="0.001" /><testcase classname="tests.test_topic_swap_fallback" name="test_published_and_human_edited_rows_are_excluded_by_the_candidate_sql" time="0.003" /><testcase classname="tests.test_topic_swap_fallback" name="test_swap_resets_the_slot_and_keeps_the_month_accounting" time="0.002" /><testcase classname="tests.test_topic_swap_fallback" name="test_swap_clears_every_image_binding" time="0.002" /><testcase classname="tests.test_topic_swap_fallback" name="test_swap_unlinks_the_previous_exposure_action" time="0.002" /><testcase classname="tests.test_topic_swap_fallback" name="test_history_entry_records_the_superseded_episode" time="0.002" /><testcase classname="tests.test_topic_swap_fallback" name="test_no_candidate_target_leaves_the_slot_alone" time="0.001" /><testcase classname="tests.test_topic_swap_fallback" name="test_similar_topic_is_not_worth_swapping" time="0.001" /><testcase classname="tests.test_topic_swap_fallback" name="test_write_conflict_abandons_the_swap" time="0.002" /><testcase classname="tests.test_topic_swap_fallback" name="test_the_conditional_update_guards_revision_status_and_claim" time="0.003" /><testcase classname="tests.test_topic_swap_fallback" name="test_swapped_slot_opens_a_new_incident_key" time="0.001" /><testcase classname="tests.test_topic_swap_fallback" name="test_reconcile_closes_only_the_superseded_incident" time="0.001" /><testcase classname="tests.test_topic_swap_fallback" name="test_reconcile_is_idempotent_for_already_closed_history" time="0.001" /><testcase classname="tests.test_topic_swap_fallback" name="test_a_new_failure_after_the_swap_is_never_recovered_by_the_cleanup" time="0.001" /><testcase classname="tests.test_topic_swap_fallback" name="test_recover_incident_closes_open_episodes" time="0.001" /><testcase classname="tests.test_topic_swap_fallback" name="test_recover_incident_leaves_acknowledged_episodes_alone" time="0.001" /><testcase classname="tests.test_topic_swap_fallback" name="test_recovery_sweep_runs_the_swap_pass_before_the_loader" time="0.001" /><testcase classname="tests.test_topic_swap_fallback" name="test_candidate_select_targets_content_items" time="0.001" /><testcase classname="tests.test_topic_swap_fallback" name="test_the_swap_leaves_todays_writer_budget_spent" time="0.001" /><testcase classname="tests.test_topic_swap_fallback" name="test_the_loader_skips_the_swapped_slot_today_and_takes_it_tomorrow" time="0.001" /><testcase classname="tests.test_topic_swap_fallback" name="test_the_new_topics_first_failure_counts_from_one" time="0.001" /><testcase classname="tests.test_user_facing_terms_guard" name="test_internal_only_marker_exempts_only_its_exact_source_line" time="0.005" /><testcase classname="tests.test_v0_baseline_axis" name="test_overlap_ratio_is_measured_against_the_v0_question_set" time="0.001" /><testcase classname="tests.test_v0_baseline_axis" name="test_overlap_ratio_ignores_whitespace_differences_only" time="0.001" /><testcase classname="tests.test_v0_baseline_axis" name="test_baseline_is_drawn_when_the_question_sets_overlap_enough" time="0.001" /><testcase classname="tests.test_v0_baseline_axis" name="test_baseline_is_omitted_when_the_question_sets_drifted_apart" time="0.001" /><testcase classname="tests.test_v0_baseline_axis" name="test_the_gate_is_inclusive_at_exactly_the_threshold" time="0.001" /><testcase classname="tests.test_v0_baseline_axis" name="test_baseline_is_omitted_when_either_month_has_no_number" time="0.001" /><testcase classname="tests.test_v0_baseline_axis" name="test_a_hospital_without_a_v0_report_gets_no_baseline" time="0.001" /><testcase classname="tests.test_v0_baseline_axis" name="test_legacy_v0_without_exact_measurement_lineage_is_suppressed" time="0.002" /><testcase classname="tests.test_v0_baseline_axis" name="test_v0_loader_requires_exact_run_policy_platform_model_and_query_cohort" time="0.002" /><testcase classname="tests.test_v0_baseline_axis" name="test_v0_loader_uses_frozen_text_after_live_query_is_edited" time="0.003" /><testcase classname="tests.test_v0_baseline_axis" name="test_v0_loader_excludes_ambiguous_answers_from_sample_shape" time="0.002" /><testcase classname="tests.test_v0_baseline_axis" name="test_v0_reference_requires_the_doctor_headline_to_use_every_current_cell" time="0.001" /><testcase classname="tests.test_v0_measurement_checkpoint" name="test_chunk_continuation_reuses_same_run_and_completed_slots" time="0.019" /><testcase classname="tests.test_v0_measurement_checkpoint" name="test_v0_resume_uses_frozen_platform_and_judgment_context" time="0.001" /><testcase classname="tests.test_v0_measurement_checkpoint" name="test_v0_resume_uses_frozen_query_text_after_tracking_row_changes" time="0.001" /><testcase classname="tests.test_v0_measurement_checkpoint" name="test_v0_policy_drift_stops_before_an_incomplete_stage" time="0.001" /><testcase classname="tests.test_v0_measurement_checkpoint" name="test_v0_workflow_failure_budget_survives_dispatch_kwargs_loss" time="0.001" /><testcase classname="tests.test_v0_measurement_checkpoint" name="test_retry_after_pdf_failure_reuses_the_measurement_and_finishes_the_report" time="0.018" /><testcase classname="tests.test_v0_measurement_checkpoint" name="test_a_fresh_trigger_still_measures" time="0.013" /><testcase classname="tests.test_v0_measurement_checkpoint" name="test_v0_initial_claim_preserves_concurrent_live_status[ACTIVE]" time="0.014" /><testcase classname="tests.test_v0_measurement_checkpoint" name="test_v0_initial_claim_preserves_concurrent_live_status[PAUSED]" time="0.013" /><testcase classname="tests.test_v0_measurement_checkpoint" name="test_v0_retry_reset_preserves_concurrent_live_status[ACTIVE]" time="0.001" /><testcase classname="tests.test_v0_measurement_checkpoint" name="test_v0_retry_reset_preserves_concurrent_live_status[PAUSED]" time="0.001" /><testcase classname="tests.test_v0_measurement_checkpoint" name="test_late_v0_completion_preserves_concurrent_live_status[ACTIVE]" time="0.014" /><testcase classname="tests.test_v0_measurement_checkpoint" name="test_late_v0_completion_preserves_concurrent_live_status[PAUSED]" time="0.014" /><testcase classname="tests.test_v0_measurement_checkpoint" name="test_a_different_v0_request_does_not_inherit_the_previous_measurement" time="0.026" /><testcase classname="tests.test_v0_measurement_checkpoint" name="test_v0_does_not_start_before_the_profile_is_complete" time="0.001" /><testcase classname="tests.test_v0_measurement_checkpoint" name="test_cost_deferred_measurement_says_when_it_continues" time="0.006" /><testcase classname="tests.test_v0_measurement_checkpoint" name="test_a_run_from_another_operation_is_not_reused" time="0.001" /><testcase classname="tests.test_v0_measurement_checkpoint" name="test_a_run_already_consumed_by_a_v0_report_is_not_reused" time="0.002" /><testcase classname="tests.test_v0_measurement_checkpoint" name="test_a_run_without_sov_records_is_not_reused" time="0.002" /><testcase classname="tests.test_v0_measurement_checkpoint" name="test_a_non_v0_measurement_run_is_not_reused" time="0.001" /><testcase classname="tests.test_v0_measurement_checkpoint" name="test_a_legacy_dispatch_without_lineage_falls_back_to_the_recent_unconsumed_run" time="0.002" /><testcase classname="tests.test_v0_measurement_checkpoint" name="test_the_candidate_query_bounds_status_and_age_in_sql" time="0.001" /><testcase classname="tests.test_v0_measurement_checkpoint" name="test_the_consumption_query_only_counts_v0_reports_created_after_the_run" time="0.002" /><testcase classname="tests.test_v0_query_target_seed" name="test_seed_creates_targets_from_matrix" time="0.002" /><testcase classname="tests.test_v0_query_target_seed" name="test_seed_is_idempotent_on_rerun" time="0.001" /><testcase classname="tests.test_v0_query_target_seed" name="test_seed_full_overlap_skips_all" time="0.001" /><testcase classname="tests.test_v0_query_target_seed" name="test_seed_orders_by_sov_gap_unmentioned_first" time="0.002" /><testcase classname="tests.test_v0_query_target_seed" name="test_seed_no_sov_records_defaults_to_high" time="0.001" /><testcase classname="tests.test_v0_query_target_seed" name="test_seed_empty_matrix_returns_zero" time="0.001" /><testcase classname="tests.test_v0_query_target_seed" name="test_seed_variant_links_to_query_matrix" time="0.001" /><testcase classname="tests.test_v0_query_target_seed" name="test_seed_sync_does_not_propagate_failure" time="0.003" /><testcase classname="tests.test_v0_query_target_seed" name="test_seed_sync_succeeds_silently" time="0.001" /><testcase classname="tests.test_v0_query_target_seed" name="test_exposure_actions_populated_after_seed" time="0.002" /><testcase classname="tests.test_v0_query_target_seed" name="test_seed_fills_structured_fields_from_the_query_sentence" time="0.003" /><testcase classname="tests.test_v0_query_target_seed" name="test_seed_backfills_structure_on_existing_targets" time="0.002" /><testcase classname="tests.test_v0_query_target_seed" name="test_v0_completion_seeds_when_hospital_has_no_query_targets" time="0.001" /><testcase classname="tests.test_v0_query_target_seed" name="test_v0_completion_does_not_reseed_when_query_targets_exist" time="0.001" /><testcase classname="tests.test_v0_query_target_seed" name="test_v0_completion_survives_a_failing_seed" time="0.001" /><testcase classname="tests.test_wait_production_readiness" name="test_waiter_blocks_release_until_current_canaries_are_ready" time="0.001" /><testcase classname="tests.test_wait_production_readiness" name="test_waiter_fails_closed_after_timeout" time="0.001" /><testcase classname="tests.test_worker_dispatch_auth" name="test_production_dispatch_requires_a_target_bound_signature" time="0.001" /><testcase classname="tests.test_worker_dispatch_auth" name="test_scheduled_dispatch_cannot_be_reused_for_another_job" time="0.001" /><testcase classname="tests.test_worker_dispatch_auth" name="test_site_revalidation_retry_is_routed_and_bound_to_run_id" time="0.001" /><testcase classname="tests.test_worker_dispatch_auth" name="test_previous_release_dispatch_is_accepted_only_during_rollout_handoff" time="0.001" /><testcase classname="tests.test_worker_dispatch_auth" name="test_release_header_cannot_be_tampered_during_rollout_handoff" time="0.001" /><testcase classname="tests.test_worker_dispatch_auth" name="test_queue_canary_stamp_preserves_the_task_local_purpose[app.workers.canary_tasks.canary_default-canary-default]" time="0.001" /><testcase classname="tests.test_worker_dispatch_auth" name="test_queue_canary_stamp_preserves_the_task_local_purpose[app.workers.canary_tasks.canary_content-canary-content]" time="0.001" /><testcase classname="tests.test_worker_dispatch_auth" name="test_queue_canary_stamp_preserves_the_task_local_purpose[app.workers.canary_tasks.canary_sov-canary-sov]" time="0.001" /><testcase classname="tests.test_worker_dispatch_auth" name="test_queue_canary_stamp_preserves_the_task_local_purpose[app.workers.canary_tasks.canary_reports-canary-reports]" time="0.001" /><testcase classname="tests.test_worker_dispatch_auth" name="test_queue_canary_stamp_preserves_the_task_local_purpose[app.workers.canary_tasks.canary_leadgen-canary-leadgen]" time="0.001" /><testcase classname="tests.test_worker_dispatch_auth" name="test_queue_canary_stamp_preserves_the_task_local_purpose[app.workers.canary_tasks.canary_certificates-canary-certificates]" time="0.001" /><testcase classname="tests.test_worker_dispatch_auth" name="test_queue_canary_stamp_preserves_the_task_local_purpose[app.workers.canary_tasks.canary_control-canary-control]" time="0.001" /><testcase classname="tests.test_worker_dispatch_auth" name="test_every_routed_worker_task_is_protected_by_the_authenticated_base" time="0.001" /><testcase classname="tests.test_worker_dispatch_auth" name="test_operation_run_dispatch_is_stamped_without_caller_supplied_auth" time="0.001" /><testcase classname="tests.test_worker_dispatch_auth" name="test_exact_worker_loss_redelivery_is_allowed_but_changed_or_expired_messages_fail" time="0.001" /><testcase classname="tests.test_worker_dispatch_auth" name="test_non_production_keeps_direct_task_tests_available" time="0.001" /><testcase classname="tests.test_worker_dispatch_auth" name="test_explicit_generation_run_must_match_the_content_target" time="0.001" /><testcase classname="tests.test_worker_dispatch_auth" name="test_operation_run_authorization_binds_image_target_and_task_arguments" time="0.001" /><testcase classname="tests.test_worker_dispatch_auth" name="test_operation_run_authorization_binds_monthly_period_and_rebuild_flag" time="0.001" /><testcase classname="tests.test_worker_dispatch_auth" name="test_operation_run_authorization_binds_lead_recovery_attempts[app.workers.lead_diagnosis_tasks.recover_lead_diagnosis_measurement-RECOVER_LEAD_MEASUREMENT]" time="0.001" /><testcase classname="tests.test_worker_dispatch_auth" name="test_operation_run_authorization_binds_lead_recovery_attempts[app.workers.lead_diagnosis_tasks.recover_lead_diagnosis_report-RECOVER_LEAD_REPORT]" time="0.001" /><testcase classname="tests.test_worker_dispatch_auth" name="test_production_lead_recovery_reaches_the_worker_only_with_its_exact_run[app.workers.lead_diagnosis_tasks.recover_lead_diagnosis_measurement-RECOVER_LEAD_MEASUREMENT]" time="0.001" /><testcase classname="tests.test_worker_dispatch_auth" name="test_production_lead_recovery_reaches_the_worker_only_with_its_exact_run[app.workers.lead_diagnosis_tasks.recover_lead_diagnosis_report-RECOVER_LEAD_REPORT]" time="0.001" /><testcase classname="tests.test_worker_health_server" name="test_readiness_fails_when_celery_parent_is_dead" time="0.001" /><testcase classname="tests.test_worker_health_server" name="test_production_readiness_requires_release_and_dependencies" time="0.001" /><testcase classname="tests.test_worker_loop_ownership" name="test_twenty_worker_turns_share_one_async_resource_owner" time="0.107" /></testsuite></testsuites>